语法

    0 $accept: S $end

    1 S: Stmt
    2  | S Stmt

    3 Stmt: T_Command T_Identifier ';'
    4     | T_Command T_Command ';'
    5     | T_Command T_IntConstant ';'
    6     | T_Command T_FloatConstant ';'
    7     | T_Command T_String ';'
    8     | T_Command ';'
    9     | T_Identifier '=' E ';'
   10     | E ';'
   11     | T_Identifier '[' T_FunctionLocalVar ']' '=' E ';'

   12 E: E '+' E
   13  | E '-' E
   14  | E '*' E
   15  | E '/' E
   16  | E '^' E
   17  | '-' E
   18  | T_Identifier '(' E ')'
   19  | T_IntConstant
   20  | T_FloatConstant
   21  | T_Identifier
   22  | '(' E ')'


终结语词，附有它们出现处的规则

    $end (0) 0
    '(' (40) 18 22
    ')' (41) 18 22
    '*' (42) 14
    '+' (43) 12
    '-' (45) 13 17
    '/' (47) 15
    ';' (59) 3 4 5 6 7 8 9 10 11
    '=' (61) 9 11
    '[' (91) 11
    ']' (93) 11
    '^' (94) 16
    error (256)
    T_IntConstant (258) 5 19
    T_FloatConstant (259) 6 20
    T_Identifier (260) 3 9 11 18 21
    T_Command (261) 3 4 5 6 7 8
    T_FunctionLocalVar (262) 11
    T_String (263) 7
    U_neg (264)


非终结语词，附有它们出现处的规则

    $accept (21)
        on left: 0
    S (22)
        on left: 1 2
        on right: 0 2
    Stmt (23)
        on left: 3 4 5 6 7 8 9 10 11
        on right: 1 2
    E (24)
        on left: 12 13 14 15 16 17 18 19 20 21 22
        on right: 9 10 11 12 13 14 15 16 17 18 22


状态 0

    0 $accept: . S $end

    T_IntConstant    偏移，并进入状态 1
    T_FloatConstant  偏移，并进入状态 2
    T_Identifier     偏移，并进入状态 3
    T_Command        偏移，并进入状态 4
    '-'              偏移，并进入状态 5
    '('              偏移，并进入状态 6

    S     转到状态 7
    Stmt  转到状态 8
    E     转到状态 9


状态 1

   19 E: T_IntConstant .

    $default  使用规则 19 以归约 (E)


状态 2

   20 E: T_FloatConstant .

    $default  使用规则 20 以归约 (E)


状态 3

    9 Stmt: T_Identifier . '=' E ';'
   11     | T_Identifier . '[' T_FunctionLocalVar ']' '=' E ';'
   18 E: T_Identifier . '(' E ')'
   21  | T_Identifier .

    '='  偏移，并进入状态 10
    '['  偏移，并进入状态 11
    '('  偏移，并进入状态 12

    $default  使用规则 21 以归约 (E)


状态 4

    3 Stmt: T_Command . T_Identifier ';'
    4     | T_Command . T_Command ';'
    5     | T_Command . T_IntConstant ';'
    6     | T_Command . T_FloatConstant ';'
    7     | T_Command . T_String ';'
    8     | T_Command . ';'

    T_IntConstant    偏移，并进入状态 13
    T_FloatConstant  偏移，并进入状态 14
    T_Identifier     偏移，并进入状态 15
    T_Command        偏移，并进入状态 16
    T_String         偏移，并进入状态 17
    ';'              偏移，并进入状态 18


状态 5

   17 E: '-' . E

    T_IntConstant    偏移，并进入状态 1
    T_FloatConstant  偏移，并进入状态 2
    T_Identifier     偏移，并进入状态 19
    '-'              偏移，并进入状态 5
    '('              偏移，并进入状态 6

    E  转到状态 20


状态 6

   22 E: '(' . E ')'

    T_IntConstant    偏移，并进入状态 1
    T_FloatConstant  偏移，并进入状态 2
    T_Identifier     偏移，并进入状态 19
    '-'              偏移，并进入状态 5
    '('              偏移，并进入状态 6

    E  转到状态 21


状态 7

    0 $accept: S . $end
    2 S: S . Stmt

    $end             偏移，并进入状态 22
    T_IntConstant    偏移，并进入状态 1
    T_FloatConstant  偏移，并进入状态 2
    T_Identifier     偏移，并进入状态 3
    T_Command        偏移，并进入状态 4
    '-'              偏移，并进入状态 5
    '('              偏移，并进入状态 6

    Stmt  转到状态 23
    E     转到状态 9


状态 8

    1 S: Stmt .

    $default  使用规则 1 以归约 (S)


状态 9

   10 Stmt: E . ';'
   12 E: E . '+' E
   13  | E . '-' E
   14  | E . '*' E
   15  | E . '/' E
   16  | E . '^' E

    '+'  偏移，并进入状态 24
    '-'  偏移，并进入状态 25
    '*'  偏移，并进入状态 26
    '/'  偏移，并进入状态 27
    '^'  偏移，并进入状态 28
    ';'  偏移，并进入状态 29


状态 10

    9 Stmt: T_Identifier '=' . E ';'

    T_IntConstant    偏移，并进入状态 1
    T_FloatConstant  偏移，并进入状态 2
    T_Identifier     偏移，并进入状态 19
    '-'              偏移，并进入状态 5
    '('              偏移，并进入状态 6

    E  转到状态 30


状态 11

   11 Stmt: T_Identifier '[' . T_FunctionLocalVar ']' '=' E ';'

    T_FunctionLocalVar  偏移，并进入状态 31


状态 12

   18 E: T_Identifier '(' . E ')'

    T_IntConstant    偏移，并进入状态 1
    T_FloatConstant  偏移，并进入状态 2
    T_Identifier     偏移，并进入状态 19
    '-'              偏移，并进入状态 5
    '('              偏移，并进入状态 6

    E  转到状态 32


状态 13

    5 Stmt: T_Command T_IntConstant . ';'

    ';'  偏移，并进入状态 33


状态 14

    6 Stmt: T_Command T_FloatConstant . ';'

    ';'  偏移，并进入状态 34


状态 15

    3 Stmt: T_Command T_Identifier . ';'

    ';'  偏移，并进入状态 35


状态 16

    4 Stmt: T_Command T_Command . ';'

    ';'  偏移，并进入状态 36


状态 17

    7 Stmt: T_Command T_String . ';'

    ';'  偏移，并进入状态 37


状态 18

    8 Stmt: T_Command ';' .

    $default  使用规则 8 以归约 (Stmt)


状态 19

   18 E: T_Identifier . '(' E ')'
   21  | T_Identifier .

    '('  偏移，并进入状态 12

    $default  使用规则 21 以归约 (E)


状态 20

   12 E: E . '+' E
   13  | E . '-' E
   14  | E . '*' E
   15  | E . '/' E
   16  | E . '^' E
   17  | '-' E .

    $default  使用规则 17 以归约 (E)


状态 21

   12 E: E . '+' E
   13  | E . '-' E
   14  | E . '*' E
   15  | E . '/' E
   16  | E . '^' E
   22  | '(' E . ')'

    '+'  偏移，并进入状态 24
    '-'  偏移，并进入状态 25
    '*'  偏移，并进入状态 26
    '/'  偏移，并进入状态 27
    '^'  偏移，并进入状态 28
    ')'  偏移，并进入状态 38


状态 22

    0 $accept: S $end .

    $default  接受


状态 23

    2 S: S Stmt .

    $default  使用规则 2 以归约 (S)


状态 24

   12 E: E '+' . E

    T_IntConstant    偏移，并进入状态 1
    T_FloatConstant  偏移，并进入状态 2
    T_Identifier     偏移，并进入状态 19
    '-'              偏移，并进入状态 5
    '('              偏移，并进入状态 6

    E  转到状态 39


状态 25

   13 E: E '-' . E

    T_IntConstant    偏移，并进入状态 1
    T_FloatConstant  偏移，并进入状态 2
    T_Identifier     偏移，并进入状态 19
    '-'              偏移，并进入状态 5
    '('              偏移，并进入状态 6

    E  转到状态 40


状态 26

   14 E: E '*' . E

    T_IntConstant    偏移，并进入状态 1
    T_FloatConstant  偏移，并进入状态 2
    T_Identifier     偏移，并进入状态 19
    '-'              偏移，并进入状态 5
    '('              偏移，并进入状态 6

    E  转到状态 41


状态 27

   15 E: E '/' . E

    T_IntConstant    偏移，并进入状态 1
    T_FloatConstant  偏移，并进入状态 2
    T_Identifier     偏移，并进入状态 19
    '-'              偏移，并进入状态 5
    '('              偏移，并进入状态 6

    E  转到状态 42


状态 28

   16 E: E '^' . E

    T_IntConstant    偏移，并进入状态 1
    T_FloatConstant  偏移，并进入状态 2
    T_Identifier     偏移，并进入状态 19
    '-'              偏移，并进入状态 5
    '('              偏移，并进入状态 6

    E  转到状态 43


状态 29

   10 Stmt: E ';' .

    $default  使用规则 10 以归约 (Stmt)


状态 30

    9 Stmt: T_Identifier '=' E . ';'
   12 E: E . '+' E
   13  | E . '-' E
   14  | E . '*' E
   15  | E . '/' E
   16  | E . '^' E

    '+'  偏移，并进入状态 24
    '-'  偏移，并进入状态 25
    '*'  偏移，并进入状态 26
    '/'  偏移，并进入状态 27
    '^'  偏移，并进入状态 28
    ';'  偏移，并进入状态 44


状态 31

   11 Stmt: T_Identifier '[' T_FunctionLocalVar . ']' '=' E ';'

    ']'  偏移，并进入状态 45


状态 32

   12 E: E . '+' E
   13  | E . '-' E
   14  | E . '*' E
   15  | E . '/' E
   16  | E . '^' E
   18  | T_Identifier '(' E . ')'

    '+'  偏移，并进入状态 24
    '-'  偏移，并进入状态 25
    '*'  偏移，并进入状态 26
    '/'  偏移，并进入状态 27
    '^'  偏移，并进入状态 28
    ')'  偏移，并进入状态 46


状态 33

    5 Stmt: T_Command T_IntConstant ';' .

    $default  使用规则 5 以归约 (Stmt)


状态 34

    6 Stmt: T_Command T_FloatConstant ';' .

    $default  使用规则 6 以归约 (Stmt)


状态 35

    3 Stmt: T_Command T_Identifier ';' .

    $default  使用规则 3 以归约 (Stmt)


状态 36

    4 Stmt: T_Command T_Command ';' .

    $default  使用规则 4 以归约 (Stmt)


状态 37

    7 Stmt: T_Command T_String ';' .

    $default  使用规则 7 以归约 (Stmt)


状态 38

   22 E: '(' E ')' .

    $default  使用规则 22 以归约 (E)


状态 39

   12 E: E . '+' E
   12  | E '+' E .
   13  | E . '-' E
   14  | E . '*' E
   15  | E . '/' E
   16  | E . '^' E

    '*'  偏移，并进入状态 26
    '/'  偏移，并进入状态 27
    '^'  偏移，并进入状态 28

    $default  使用规则 12 以归约 (E)


状态 40

   12 E: E . '+' E
   13  | E . '-' E
   13  | E '-' E .
   14  | E . '*' E
   15  | E . '/' E
   16  | E . '^' E

    '*'  偏移，并进入状态 26
    '/'  偏移，并进入状态 27
    '^'  偏移，并进入状态 28

    $default  使用规则 13 以归约 (E)


状态 41

   12 E: E . '+' E
   13  | E . '-' E
   14  | E . '*' E
   14  | E '*' E .
   15  | E . '/' E
   16  | E . '^' E

    '^'  偏移，并进入状态 28

    $default  使用规则 14 以归约 (E)


状态 42

   12 E: E . '+' E
   13  | E . '-' E
   14  | E . '*' E
   15  | E . '/' E
   15  | E '/' E .
   16  | E . '^' E

    '^'  偏移，并进入状态 28

    $default  使用规则 15 以归约 (E)


状态 43

   12 E: E . '+' E
   13  | E . '-' E
   14  | E . '*' E
   15  | E . '/' E
   16  | E . '^' E
   16  | E '^' E .

    $default  使用规则 16 以归约 (E)


状态 44

    9 Stmt: T_Identifier '=' E ';' .

    $default  使用规则 9 以归约 (Stmt)


状态 45

   11 Stmt: T_Identifier '[' T_FunctionLocalVar ']' . '=' E ';'

    '='  偏移，并进入状态 47


状态 46

   18 E: T_Identifier '(' E ')' .

    $default  使用规则 18 以归约 (E)


状态 47

   11 Stmt: T_Identifier '[' T_FunctionLocalVar ']' '=' . E ';'

    T_IntConstant    偏移，并进入状态 1
    T_FloatConstant  偏移，并进入状态 2
    T_Identifier     偏移，并进入状态 19
    '-'              偏移，并进入状态 5
    '('              偏移，并进入状态 6

    E  转到状态 48


状态 48

   11 Stmt: T_Identifier '[' T_FunctionLocalVar ']' '=' E . ';'
   12 E: E . '+' E
   13  | E . '-' E
   14  | E . '*' E
   15  | E . '/' E
   16  | E . '^' E

    '+'  偏移，并进入状态 24
    '-'  偏移，并进入状态 25
    '*'  偏移，并进入状态 26
    '/'  偏移，并进入状态 27
    '^'  偏移，并进入状态 28
    ';'  偏移，并进入状态 49


状态 49

   11 Stmt: T_Identifier '[' T_FunctionLocalVar ']' '=' E ';' .

    $default  使用规则 11 以归约 (Stmt)
